#
# A fatal error has been detected by the Java Runtime Environment:
#
#  EXCEPTION_ACCESS_VIOLATION (0xc0000005) at pc=0x00007ffac651c1db, pid=2496, tid=13972
#
# JRE version: Java(TM) SE Runtime Environment (13.0+33) (build 13+33)
# Java VM: Java HotSpot(TM) 64-Bit Server VM (13+33, mixed mode, sharing, tiered, compressed oops, g1 gc, windows-amd64)
# Problematic frame:
# V  [jvm.dll+0x24c1db]
#
# No core dump will be written. Minidumps are not enabled by default on client versions of Windows
#
# If you would like to submit a bug report, please visit:
#   http://bugreport.java.com/bugreport/crash.jsp
#

---------------  S U M M A R Y ------------

Command Line: -agentlib:jdwp=transport=dt_socket,suspend=y,address=localhost:52836 -ea -Dfile.encoding=Cp1252 org.testng.remote.RemoteTestNG -serport 52835 -protocol json -d C:\Users\Hamza Farooq\eclipse-workspace\ticketlake\test-output C:\Users\Hamza Farooq\eclipse-workspace\ticketlake\testng.xml

Host: Intel(R) Core(TM) i5-8350U CPU @ 1.70GHz, 8 cores, 7G,  Windows 10 , 64 bit Build 17763 (10.0.17763.475)
Time: Thu Oct 10 00:42:09 2019 Pacific Daylight Time elapsed time: 788 seconds (0d 0h 13m 8s)

---------------  T H R E A D  ---------------

Current thread (0x000002b37f38c000):  VMThread "VM Thread" [stack: 0x000000bfad100000,0x000000bfad200000] [id=13972]

Stack: [0x000000bfad100000,0x000000bfad200000],  sp=0x000000bfad1ff110,  free space=1020k
Native frames: (J=compiled Java code, j=interpreted, Vv=VM code, C=native code)
V  [jvm.dll+0x24c1db]
V  [jvm.dll+0x4fc9aa]
V  [jvm.dll+0x1d965b]
V  [jvm.dll+0x1db4be]
V  [jvm.dll+0x4fcdba]
V  [jvm.dll+0x77567c]
V  [jvm.dll+0x779457]
V  [jvm.dll+0x779c88]
V  [jvm.dll+0x77a02c]
V  [jvm.dll+0x731bea]
V  [jvm.dll+0x6260a6]
C  [ucrtbase.dll+0x21ffa]
C  [KERNEL32.DLL+0x17974]
C  [ntdll.dll+0x6a271]


siginfo: EXCEPTION_ACCESS_VIOLATION (0xc0000005), reading address 0xffffffffffffffff


Register to memory mapping:

RIP=0x00007ffac651c1db jvm.dll
RAX=0x000002b37f90dde8 is pointing into metadata
RBX=0x000002b37f90e0a8 is pointing into metadata
RCX=0x2a0002b37f91eb68 is an unknown value
RDX=0x000000bfad1ff218 points into unknown readable memory: 00 58 38 7f b3 02 00 00
RSP=0x000000bfad1ff110 points into unknown readable memory: 70 f1 1f ad bf 00 00 00
RBP=0x0 is NULL
RSI=0x0000000800be3478 is a pointer to class: 
org.testng.ITestContext {0x0000000800be3480}
RDI=0x000002b37f385910 points into unknown readable memory: 02 00 00 00 00 00 00 00
R8 =0x0000000000000002 is an unknown value
R9 =0x0000000000000002 is an unknown value
R10=0x000002b37f38b1d0 points into unknown readable memory: 01 00 00 00 1e 00 00 00
R11=0x000002b37f90dde8 is pointing into metadata
R12=0x0 is NULL
R13=0x00000000000003d8 is an unknown value
R14=0x000000bfad1ff218 points into unknown readable memory: 00 58 38 7f b3 02 00 00
R15=0x2a0002b37f91eb68 is an unknown value


Registers:
RAX=0x000002b37f90dde8, RBX=0x000002b37f90e0a8, RCX=0x2a0002b37f91eb68, RDX=0x000000bfad1ff218
RSP=0x000000bfad1ff110, RBP=0x0000000000000000, RSI=0x0000000800be3478, RDI=0x000002b37f385910
R8 =0x0000000000000002, R9 =0x0000000000000002, R10=0x000002b37f38b1d0, R11=0x000002b37f90dde8
R12=0x0000000000000000, R13=0x00000000000003d8, R14=0x000000bfad1ff218, R15=0x2a0002b37f91eb68
RIP=0x00007ffac651c1db, EFLAGS=0x0000000000010246

Top of Stack: (sp=0x000000bfad1ff110)
0x000000bfad1ff110:   000000bfad1ff170 00007ffac6615ea6
0x000000bfad1ff120:   000000bfad1ff188 0000000800be3478
0x000000bfad1ff130:   000002b37f3729c0 000002b37f3728e0
0x000000bfad1ff140:   000002b37f372cc8 00007ffac67cc9aa
0x000000bfad1ff150:   000002b37f90dde8 000002b37f90e0a8
0x000000bfad1ff160:   000002b37f90e0a8 000000bfad1ff1a9
0x000000bfad1ff170:   000002b37f90dde8 000002b37f38c000
0x000000bfad1ff180:   000002b300000000 000002b37f90dde8
0x000000bfad1ff190:   000002b37f38c000 000002b37f38c000
0x000000bfad1ff1a0:   000002b37f385810 000002b3112531c0
0x000000bfad1ff1b0:   000002b311253d40 000002b31125b1a8
0x000000bfad1ff1c0:   00000000000080b0 000000bfad1ff268
0x000000bfad1ff1d0:   00000000000003d8 00007ffac6d978a0
0x000000bfad1ff1e0:   00007ffac6b078f0 000000bfad1ff300
0x000000bfad1ff1f0:   0000000000000000 0000000088d00d98
0x000000bfad1ff200:   000000bfad1ff300 00007ffac64a965b 

Instructions: (pc=0x00007ffac651c1db)
0x00007ffac651c0db:   8d 41 f0 44 0f 44 c1 8b c2 c1 e0 08 85 c0 44 8b
0x00007ffac651c0eb:   c8 44 0f 44 ca 41 8d 50 f8 41 0f 44 d0 41 8b c9
0x00007ffac651c0fb:   c1 e1 04 85 c9 44 8b c1 45 0f 44 c1 8d 42 fc 0f
0x00007ffac651c10b:   44 c2 42 8d 0c 85 00 00 00 00 85 c9 8d 50 fe 0f
0x00007ffac651c11b:   44 d0 41 0f 44 c8 f7 c1 ff ff ff 7f 8d 4a ff 0f
0x00007ffac651c12b:   44 ca e9 fe b5 4f 00 48 8b 05 67 89 87 00 c3 cc
0x00007ffac651c13b:   cc cc cc cc cc 48 89 4c 24 08 48 89 54 24 10 4c
0x00007ffac651c14b:   89 44 24 18 4c 89 4c 24 20 48 83 ec 28 4c 8b c1
0x00007ffac651c15b:   4c 8d 4c 24 38 48 8d 0d 19 53 81 00 ba 02 00 00
0x00007ffac651c16b:   00 e8 2f 85 2e 00 48 83 c4 28 c3 cc cc cc cc cc
0x00007ffac651c17b:   cc cc cc cc cc 48 89 4c 24 08 48 89 54 24 10 4c
0x00007ffac651c18b:   89 44 24 18 4c 89 4c 24 20 48 83 ec 28 4c 8b c1
0x00007ffac651c19b:   4c 8d 4c 24 38 48 8d 0d 49 53 81 00 ba 03 00 00
0x00007ffac651c1ab:   00 e8 ef 84 2e 00 48 83 c4 28 c3 cc cc cc cc cc
0x00007ffac651c1bb:   cc cc cc cc cc 48 89 6c 24 20 41 54 41 56 41 57
0x00007ffac651c1cb:   48 83 ec 20 45 33 e4 4c 8b f2 4c 8b f9 41 8b ec
0x00007ffac651c1db:   44 39 21 0f 8e 48 01 00 00 48 89 5c 24 40 48 8d
0x00007ffac651c1eb:   59 28 48 89 74 24 48 48 89 7c 24 50 66 0f 1f 84
0x00007ffac651c1fb:   00 00 00 00 00 48 8b 43 10 48 c1 e8 1a f6 d0 a8
0x00007ffac651c20b:   01 0f 84 fc 00 00 00 48 8b 43 10 48 c1 e8 14 a8
0x00007ffac651c21b:   01 74 06 48 8b 7b 08 eb 22 48 8b 03 48 85 c0 0f
0x00007ffac651c22b:   84 de 00 00 00 48 8b 0b 48 8b 01 ff 50 10 84 c0
0x00007ffac651c23b:   75 06 48 8b 7b 08 eb 03 48 8b 3b 48 85 ff 0f 84
0x00007ffac651c24b:   bf 00 00 00 48 8b 07 48 8b cf ff 50 10 84 c0 0f
0x00007ffac651c25b:   84 ae 00 00 00 8b 4f 20 8b c1 c1 e8 10 a8 01 0f
0x00007ffac651c26b:   84 9e 00 00 00 c1 e9 0f f6 c1 01 74 18 48 8b 43
0x00007ffac651c27b:   f8 0f b7 c8 48 89 4b f8 4c 89 23 4c 89 63 10 4c
0x00007ffac651c28b:   89 63 08 eb 7e 48 8b 57 08 48 8b 42 08 0f b7 52
0x00007ffac651c29b:   36 48 8b 48 18 e8 ab e7 11 00 48 8b 4b 10 48 8b
0x00007ffac651c2ab:   f0 48 c1 e9 14 f6 c1 01 74 16 48 8b 4b 08 48 3b
0x00007ffac651c2bb:   cf 75 50 48 89 43 08 48 8d 0d 93 21 62 00 eb 35
0x00007ffac651c2cb:   48 8b 0b 48 8b 01 ff 50 10 84 c0 75 16 48 8b 43 


Stack slot to memory mapping:
stack at sp + 0 slots: 0x000000bfad1ff170 points into unknown readable memory: e8 dd 90 7f b3 02 00 00
stack at sp + 1 slots: 0x00007ffac6615ea6 jvm.dll
stack at sp + 2 slots: 0x000000bfad1ff188 points into unknown readable memory: e8 dd 90 7f b3 02 00 00
stack at sp + 3 slots: 0x0000000800be3478 is a pointer to class: 
org.testng.ITestContext {0x0000000800be3480}
stack at sp + 4 slots: 0x000002b37f3729c0 points into unknown readable memory: 6f 72 67 2e 74 65 73 74
stack at sp + 5 slots: 0x000002b37f3728e0 points into unknown readable memory: 00 00 00 00 00 00 00 00
stack at sp + 6 slots: 0x000002b37f372cc8 points into unknown readable memory: 26 c4 f9 ec 1f 33 1e 08
stack at sp + 7 slots: 0x00007ffac67cc9aa jvm.dll

VM_Operation (0x000000bfad9ff200): RedefineClasses, mode: safepoint, requested by thread 0x000002b311176800, redefining class Testcases.events_test



---------------  P R O C E S S  ---------------

Threads class SMR info:
_java_thread_list=0x000002b3115caaa0, length=18, elements={
0x000002b371662000, 0x000002b37f38e000, 0x000002b37f392000, 0x000002b31100a800,
0x000002b31100d800, 0x000002b311010800, 0x000002b311015000, 0x000002b311018000,
0x000002b311176800, 0x000002b31117e000, 0x000002b31117f800, 0x000002b311190000,
0x000002b31119b000, 0x000002b311195000, 0x000002b311a5a000, 0x000002b3119ca000,
0x000002b3119cb000, 0x000002b311bc7800
}

Java Threads: ( => current thread )
  0x000002b371662000 JavaThread "main" [_thread_blocked, id=6980, stack(0x000000bfacb00000,0x000000bfacc00000)]
  0x000002b37f38e000 JavaThread "Reference Handler" daemon [_thread_blocked, id=1776, stack(0x000000bfad200000,0x000000bfad300000)]
  0x000002b37f392000 JavaThread "Finalizer" daemon [_thread_blocked, id=13068, stack(0x000000bfad300000,0x000000bfad400000)]
  0x000002b31100a800 JavaThread "Signal Dispatcher" daemon [_thread_blocked, id=12968, stack(0x000000bfad400000,0x000000bfad500000)]
  0x000002b31100d800 JavaThread "Attach Listener" daemon [_thread_blocked, id=2996, stack(0x000000bfad500000,0x000000bfad600000)]
  0x000002b311010800 JavaThread "C2 CompilerThread0" daemon [_thread_blocked, id=8532, stack(0x000000bfad600000,0x000000bfad700000)]
  0x000002b311015000 JavaThread "C1 CompilerThread0" daemon [_thread_blocked, id=1808, stack(0x000000bfad700000,0x000000bfad800000)]
  0x000002b311018000 JavaThread "Sweeper thread" daemon [_thread_blocked, id=14740, stack(0x000000bfad800000,0x000000bfad900000)]
  0x000002b311176800 JavaThread "JDWP Transport Listener: dt_socket" daemon [_thread_blocked, id=10500, stack(0x000000bfad900000,0x000000bfada00000)]
  0x000002b31117e000 JavaThread "JDWP Event Helper Thread" daemon [_thread_blocked, id=7532, stack(0x000000bfada00000,0x000000bfadb00000)]
  0x000002b31117f800 JavaThread "JDWP Command Reader" daemon [_thread_in_native, id=3512, stack(0x000000bfadb00000,0x000000bfadc00000)]
  0x000002b311190000 JavaThread "Service Thread" daemon [_thread_blocked, id=14992, stack(0x000000bfadc00000,0x000000bfadd00000)]
  0x000002b31119b000 JavaThread "Common-Cleaner" daemon [_thread_blocked, id=7348, stack(0x000000bfade00000,0x000000bfadf00000)]
  0x000002b311195000 JavaThread "ReaderThread" [_thread_in_native, id=10280, stack(0x000000bfae100000,0x000000bfae200000)]
  0x000002b311a5a000 JavaThread "Exec Default Executor" daemon [_thread_in_native, id=13704, stack(0x000000bfae500000,0x000000bfae600000)]
  0x000002b3119ca000 JavaThread "Exec Stream Pumper" daemon [_thread_in_native, id=15032, stack(0x000000bfae700000,0x000000bfae800000)]
  0x000002b3119cb000 JavaThread "Exec Stream Pumper" daemon [_thread_in_native, id=8500, stack(0x000000bfae800000,0x000000bfae900000)]
  0x000002b311bc7800 JavaThread "Okio Watchdog" daemon [_thread_blocked, id=3372, stack(0x000000bfaea00000,0x000000bfaeb00000)]

Other Threads:
=>0x000002b37f38c000 VMThread "VM Thread" [stack: 0x000000bfad100000,0x000000bfad200000] [id=13972]
  0x000002b311198800 WatcherThread [stack: 0x000000bfadd00000,0x000000bfade00000] [id=14048]
  0x000002b3716a2800 GCTaskThread "GC Thread#0" [stack: 0x000000bfacc00000,0x000000bfacd00000] [id=10892]
  0x000002b311986000 GCTaskThread "GC Thread#1" [stack: 0x000000bfae200000,0x000000bfae300000] [id=13144]
  0x000002b311986800 GCTaskThread "GC Thread#2" [stack: 0x000000bfae300000,0x000000bfae400000] [id=2276]
  0x000002b3119bc800 GCTaskThread "GC Thread#3" [stack: 0x000000bfae400000,0x000000bfae500000] [id=12156]
  0x000002b3716f4800 ConcurrentGCThread "G1 Main Marker" [stack: 0x000000bfacd00000,0x000000bface00000] [id=1312]
  0x000002b3716f6800 ConcurrentGCThread "G1 Conc#0" [stack: 0x000000bface00000,0x000000bfacf00000] [id=3552]
  0x000002b37f207800 ConcurrentGCThread "G1 Refine#0" [stack: 0x000000bfacf00000,0x000000bfad000000] [id=10328]
  0x000002b37f208800 ConcurrentGCThread "G1 Young RemSet Sampling" [stack: 0x000000bfad000000,0x000000bfad100000] [id=8840]

Threads with active compile tasks:

VM state:at safepoint (normal execution)

VM Mutex/Monitor currently owned by a thread:  ([mutex/lock_event])
[0x000002b37165dbc0] Threads_lock - owner thread: 0x000002b37f38c000

Heap address: 0x0000000082800000, size: 2008 MB, Compressed Oops mode: 32-bit
Narrow klass base: 0x0000000800000000, Narrow klass shift: 3
Compressed class space size: 1073741824 Address: 0x0000000800b40000

Heap:
 garbage-first heap   total 129024K, used 32657K [0x0000000082800000, 0x0000000100000000)
  region size 1024K, 31 young (31744K), 3 survivors (3072K)
 Metaspace       used 15083K, capacity 15665K, committed 15872K, reserved 1062912K
  class space    used 1783K, capacity 1983K, committed 2048K, reserved 1048576K
Heap Regions: E=young(eden), S=young(survivor), O=old, HS=humongous(starts), HC=humongous(continues), CS=collection set, F=free, A=archive, TAMS=top-at-mark-start (previous, next)
|   0|0x0000000082800000, 0x0000000082900000, 0x0000000082900000|100%|HS|  |TAMS 0x0000000082800000, 0x0000000082800000| Complete 
|   1|0x0000000082900000, 0x00000000829e4400, 0x0000000082a00000| 89%| O|  |TAMS 0x0000000082900000, 0x0000000082900000| Untracked 
|   2|0x0000000082a00000, 0x0000000082a00000, 0x0000000082b00000|  0%| F|  |TAMS 0x0000000082a00000, 0x0000000082a00000| Untracked 
|   3|0x0000000082b00000, 0x0000000082b00000, 0x0000000082c00000|  0%| F|  |TAMS 0x0000000082b00000, 0x0000000082b00000| Untracked 
|   4|0x0000000082c00000, 0x0000000082c00000, 0x0000000082d00000|  0%| F|  |TAMS 0x0000000082c00000, 0x0000000082c00000| Untracked 
|   5|0x0000000082d00000, 0x0000000082d00000, 0x0000000082e00000|  0%| F|  |TAMS 0x0000000082d00000, 0x0000000082d00000| Untracked 
|   6|0x0000000082e00000, 0x0000000082e00000, 0x0000000082f00000|  0%| F|  |TAMS 0x0000000082e00000, 0x0000000082e00000| Untracked 
|   7|0x0000000082f00000, 0x0000000082f00000, 0x0000000083000000|  0%| F|  |TAMS 0x0000000082f00000, 0x0000000082f00000| Untracked 
|   8|0x0000000083000000, 0x0000000083000000, 0x0000000083100000|  0%| F|  |TAMS 0x0000000083000000, 0x0000000083000000| Untracked 
|   9|0x0000000083100000, 0x0000000083100000, 0x0000000083200000|  0%| F|  |TAMS 0x0000000083100000, 0x0000000083100000| Untracked 
|  10|0x0000000083200000, 0x0000000083200000, 0x0000000083300000|  0%| F|  |TAMS 0x0000000083200000, 0x0000000083200000| Untracked 
|  11|0x0000000083300000, 0x0000000083300000, 0x0000000083400000|  0%| F|  |TAMS 0x0000000083300000, 0x0000000083300000| Untracked 
|  12|0x0000000083400000, 0x0000000083400000, 0x0000000083500000|  0%| F|  |TAMS 0x0000000083400000, 0x0000000083400000| Untracked 
|  13|0x0000000083500000, 0x0000000083500000, 0x0000000083600000|  0%| F|  |TAMS 0x0000000083500000, 0x0000000083500000| Untracked 
|  14|0x0000000083600000, 0x0000000083600000, 0x0000000083700000|  0%| F|  |TAMS 0x0000000083600000, 0x0000000083600000| Untracked 
|  15|0x0000000083700000, 0x0000000083700000, 0x0000000083800000|  0%| F|  |TAMS 0x0000000083700000, 0x0000000083700000| Untracked 
|  16|0x0000000083800000, 0x0000000083800000, 0x0000000083900000|  0%| F|  |TAMS 0x0000000083800000, 0x0000000083800000| Untracked 
|  17|0x0000000083900000, 0x0000000083900000, 0x0000000083a00000|  0%| F|  |TAMS 0x0000000083900000, 0x0000000083900000| Untracked 
|  18|0x0000000083a00000, 0x0000000083a00000, 0x0000000083b00000|  0%| F|  |TAMS 0x0000000083a00000, 0x0000000083a00000| Untracked 
|  19|0x0000000083b00000, 0x0000000083b00000, 0x0000000083c00000|  0%| F|  |TAMS 0x0000000083b00000, 0x0000000083b00000| Untracked 
|  20|0x0000000083c00000, 0x0000000083c00000, 0x0000000083d00000|  0%| F|  |TAMS 0x0000000083c00000, 0x0000000083c00000| Untracked 
|  21|0x0000000083d00000, 0x0000000083d00000, 0x0000000083e00000|  0%| F|  |TAMS 0x0000000083d00000, 0x0000000083d00000| Untracked 
|  22|0x0000000083e00000, 0x0000000083e00000, 0x0000000083f00000|  0%| F|  |TAMS 0x0000000083e00000, 0x0000000083e00000| Untracked 
|  23|0x0000000083f00000, 0x0000000083f00000, 0x0000000084000000|  0%| F|  |TAMS 0x0000000083f00000, 0x0000000083f00000| Untracked 
|  24|0x0000000084000000, 0x0000000084000000, 0x0000000084100000|  0%| F|  |TAMS 0x0000000084000000, 0x0000000084000000| Untracked 
|  25|0x0000000084100000, 0x0000000084100000, 0x0000000084200000|  0%| F|  |TAMS 0x0000000084100000, 0x0000000084100000| Untracked 
|  26|0x0000000084200000, 0x0000000084200000, 0x0000000084300000|  0%| F|  |TAMS 0x0000000084200000, 0x0000000084200000| Untracked 
|  27|0x0000000084300000, 0x0000000084300000, 0x0000000084400000|  0%| F|  |TAMS 0x0000000084300000, 0x0000000084300000| Untracked 
|  28|0x0000000084400000, 0x0000000084400000, 0x0000000084500000|  0%| F|  |TAMS 0x0000000084400000, 0x0000000084400000| Untracked 
|  29|0x0000000084500000, 0x0000000084500000, 0x0000000084600000|  0%| F|  |TAMS 0x0000000084500000, 0x0000000084500000| Untracked 
|  30|0x0000000084600000, 0x0000000084600000, 0x0000000084700000|  0%| F|  |TAMS 0x0000000084600000, 0x0000000084600000| Untracked 
|  31|0x0000000084700000, 0x0000000084700000, 0x0000000084800000|  0%| F|  |TAMS 0x0000000084700000, 0x0000000084700000| Untracked 
|  32|0x0000000084800000, 0x0000000084800000, 0x0000000084900000|  0%| F|  |TAMS 0x0000000084800000, 0x0000000084800000| Untracked 
|  33|0x0000000084900000, 0x0000000084900000, 0x0000000084a00000|  0%| F|  |TAMS 0x0000000084900000, 0x0000000084900000| Untracked 
|  34|0x0000000084a00000, 0x0000000084a00000, 0x0000000084b00000|  0%| F|  |TAMS 0x0000000084a00000, 0x0000000084a00000| Untracked 
|  35|0x0000000084b00000, 0x0000000084b00000, 0x0000000084c00000|  0%| F|  |TAMS 0x0000000084b00000, 0x0000000084b00000| Untracked 
|  36|0x0000000084c00000, 0x0000000084c00000, 0x0000000084d00000|  0%| F|  |TAMS 0x0000000084c00000, 0x0000000084c00000| Untracked 
|  37|0x0000000084d00000, 0x0000000084d00000, 0x0000000084e00000|  0%| F|  |TAMS 0x0000000084d00000, 0x0000000084d00000| Untracked 
|  38|0x0000000084e00000, 0x0000000084e00000, 0x0000000084f00000|  0%| F|  |TAMS 0x0000000084e00000, 0x0000000084e00000| Untracked 
|  39|0x0000000084f00000, 0x0000000084f00000, 0x0000000085000000|  0%| F|  |TAMS 0x0000000084f00000, 0x0000000084f00000| Untracked 
|  40|0x0000000085000000, 0x0000000085000000, 0x0000000085100000|  0%| F|  |TAMS 0x0000000085000000, 0x0000000085000000| Untracked 
|  41|0x0000000085100000, 0x0000000085100000, 0x0000000085200000|  0%| F|  |TAMS 0x0000000085100000, 0x0000000085100000| Untracked 
|  42|0x0000000085200000, 0x0000000085200000, 0x0000000085300000|  0%| F|  |TAMS 0x0000000085200000, 0x0000000085200000| Untracked 
|  43|0x0000000085300000, 0x0000000085300000, 0x0000000085400000|  0%| F|  |TAMS 0x0000000085300000, 0x0000000085300000| Untracked 
|  44|0x0000000085400000, 0x0000000085400000, 0x0000000085500000|  0%| F|  |TAMS 0x0000000085400000, 0x0000000085400000| Untracked 
|  45|0x0000000085500000, 0x0000000085500000, 0x0000000085600000|  0%| F|  |TAMS 0x0000000085500000, 0x0000000085500000| Untracked 
|  46|0x0000000085600000, 0x0000000085600000, 0x0000000085700000|  0%| F|  |TAMS 0x0000000085600000, 0x0000000085600000| Untracked 
|  47|0x0000000085700000, 0x0000000085700000, 0x0000000085800000|  0%| F|  |TAMS 0x0000000085700000, 0x0000000085700000| Untracked 
|  48|0x0000000085800000, 0x0000000085800000, 0x0000000085900000|  0%| F|  |TAMS 0x0000000085800000, 0x0000000085800000| Untracked 
|  49|0x0000000085900000, 0x0000000085900000, 0x0000000085a00000|  0%| F|  |TAMS 0x0000000085900000, 0x0000000085900000| Untracked 
|  50|0x0000000085a00000, 0x0000000085a00000, 0x0000000085b00000|  0%| F|  |TAMS 0x0000000085a00000, 0x0000000085a00000| Untracked 
|  51|0x0000000085b00000, 0x0000000085b00000, 0x0000000085c00000|  0%| F|  |TAMS 0x0000000085b00000, 0x0000000085b00000| Untracked 
|  52|0x0000000085c00000, 0x0000000085c00000, 0x0000000085d00000|  0%| F|  |TAMS 0x0000000085c00000, 0x0000000085c00000| Untracked 
|  53|0x0000000085d00000, 0x0000000085d00000, 0x0000000085e00000|  0%| F|  |TAMS 0x0000000085d00000, 0x0000000085d00000| Untracked 
|  54|0x0000000085e00000, 0x0000000085e00000, 0x0000000085f00000|  0%| F|  |TAMS 0x0000000085e00000, 0x0000000085e00000| Untracked 
|  55|0x0000000085f00000, 0x0000000085f00000, 0x0000000086000000|  0%| F|  |TAMS 0x0000000085f00000, 0x0000000085f00000| Untracked 
|  56|0x0000000086000000, 0x0000000086000000, 0x0000000086100000|  0%| F|  |TAMS 0x0000000086000000, 0x0000000086000000| Untracked 
|  57|0x0000000086100000, 0x0000000086100000, 0x0000000086200000|  0%| F|  |TAMS 0x0000000086100000, 0x0000000086100000| Untracked 
|  58|0x0000000086200000, 0x0000000086200000, 0x0000000086300000|  0%| F|  |TAMS 0x0000000086200000, 0x0000000086200000| Untracked 
|  59|0x0000000086300000, 0x0000000086300000, 0x0000000086400000|  0%| F|  |TAMS 0x0000000086300000, 0x0000000086300000| Untracked 
|  60|0x0000000086400000, 0x0000000086400000, 0x0000000086500000|  0%| F|  |TAMS 0x0000000086400000, 0x0000000086400000| Untracked 
|  61|0x0000000086500000, 0x0000000086500000, 0x0000000086600000|  0%| F|  |TAMS 0x0000000086500000, 0x0000000086500000| Untracked 
|  62|0x0000000086600000, 0x0000000086600000, 0x0000000086700000|  0%| F|  |TAMS 0x0000000086600000, 0x0000000086600000| Untracked 
|  63|0x0000000086700000, 0x0000000086700000, 0x0000000086800000|  0%| F|  |TAMS 0x0000000086700000, 0x0000000086700000| Untracked 
|  64|0x0000000086800000, 0x0000000086800000, 0x0000000086900000|  0%| F|  |TAMS 0x0000000086800000, 0x0000000086800000| Untracked 
|  65|0x0000000086900000, 0x0000000086900000, 0x0000000086a00000|  0%| F|  |TAMS 0x0000000086900000, 0x0000000086900000| Untracked 
|  66|0x0000000086a00000, 0x0000000086a00000, 0x0000000086b00000|  0%| F|  |TAMS 0x0000000086a00000, 0x0000000086a00000| Untracked 
|  67|0x0000000086b00000, 0x0000000086b00000, 0x0000000086c00000|  0%| F|  |TAMS 0x0000000086b00000, 0x0000000086b00000| Untracked 
|  68|0x0000000086c00000, 0x0000000086c00000, 0x0000000086d00000|  0%| F|  |TAMS 0x0000000086c00000, 0x0000000086c00000| Untracked 
|  69|0x0000000086d00000, 0x0000000086d00000, 0x0000000086e00000|  0%| F|  |TAMS 0x0000000086d00000, 0x0000000086d00000| Untracked 
|  70|0x0000000086e00000, 0x0000000086e00000, 0x0000000086f00000|  0%| F|  |TAMS 0x0000000086e00000, 0x0000000086e00000| Untracked 
|  71|0x0000000086f00000, 0x0000000086f00000, 0x0000000087000000|  0%| F|  |TAMS 0x0000000086f00000, 0x0000000086f00000| Untracked 
|  72|0x0000000087000000, 0x0000000087000000, 0x0000000087100000|  0%| F|  |TAMS 0x0000000087000000, 0x0000000087000000| Untracked 
|  73|0x0000000087100000, 0x0000000087100000, 0x0000000087200000|  0%| F|  |TAMS 0x0000000087100000, 0x0000000087100000| Untracked 
|  74|0x0000000087200000, 0x0000000087200000, 0x0000000087300000|  0%| F|  |TAMS 0x0000000087200000, 0x0000000087200000| Untracked 
|  75|0x0000000087300000, 0x0000000087300000, 0x0000000087400000|  0%| F|  |TAMS 0x0000000087300000, 0x0000000087300000| Untracked 
|  76|0x0000000087400000, 0x0000000087400000, 0x0000000087500000|  0%| F|  |TAMS 0x0000000087400000, 0x0000000087400000| Untracked 
|  77|0x0000000087500000, 0x0000000087500000, 0x0000000087600000|  0%| F|  |TAMS 0x0000000087500000, 0x0000000087500000| Untracked 
|  78|0x0000000087600000, 0x0000000087600000, 0x0000000087700000|  0%| F|  |TAMS 0x0000000087600000, 0x0000000087600000| Untracked 
|  79|0x0000000087700000, 0x0000000087700000, 0x0000000087800000|  0%| F|  |TAMS 0x0000000087700000, 0x0000000087700000| Untracked 
|  80|0x0000000087800000, 0x0000000087800000, 0x0000000087900000|  0%| F|  |TAMS 0x0000000087800000, 0x0000000087800000| Untracked 
|  81|0x0000000087900000, 0x0000000087900000, 0x0000000087a00000|  0%| F|  |TAMS 0x0000000087900000, 0x0000000087900000| Untracked 
|  82|0x0000000087a00000, 0x0000000087a00000, 0x0000000087b00000|  0%| F|  |TAMS 0x0000000087a00000, 0x0000000087a00000| Untracked 
|  83|0x0000000087b00000, 0x0000000087b00000, 0x0000000087c00000|  0%| F|  |TAMS 0x0000000087b00000, 0x0000000087b00000| Untracked 
|  84|0x0000000087c00000, 0x0000000087c00000, 0x0000000087d00000|  0%| F|  |TAMS 0x0000000087c00000, 0x0000000087c00000| Untracked 
|  85|0x0000000087d00000, 0x0000000087d00000, 0x0000000087e00000|  0%| F|  |TAMS 0x0000000087d00000, 0x0000000087d00000| Untracked 
|  86|0x0000000087e00000, 0x0000000087e00000, 0x0000000087f00000|  0%| F|  |TAMS 0x0000000087e00000, 0x0000000087e00000| Untracked 
|  87|0x0000000087f00000, 0x0000000087f00000, 0x0000000088000000|  0%| F|  |TAMS 0x0000000087f00000, 0x0000000087f00000| Untracked 
|  88|0x0000000088000000, 0x0000000088000000, 0x0000000088100000|  0%| F|  |TAMS 0x0000000088000000, 0x0000000088000000| Untracked 
|  89|0x0000000088100000, 0x0000000088100000, 0x0000000088200000|  0%| F|  |TAMS 0x0000000088100000, 0x0000000088100000| Untracked 
|  90|0x0000000088200000, 0x0000000088200000, 0x0000000088300000|  0%| F|  |TAMS 0x0000000088200000, 0x0000000088200000| Untracked 
|  91|0x0000000088300000, 0x0000000088300000, 0x0000000088400000|  0%| F|  |TAMS 0x0000000088300000, 0x0000000088300000| Untracked 
|  92|0x0000000088400000, 0x0000000088400000, 0x0000000088500000|  0%| F|  |TAMS 0x0000000088400000, 0x0000000088400000| Untracked 
|  93|0x0000000088500000, 0x0000000088500000, 0x0000000088600000|  0%| F|  |TAMS 0x0000000088500000, 0x0000000088500000| Untracked 
|  94|0x0000000088600000, 0x0000000088600000, 0x0000000088700000|  0%| F|  |TAMS 0x0000000088600000, 0x0000000088600000| Untracked 
|  95|0x0000000088700000, 0x0000000088800000, 0x0000000088800000|100%| E|  |TAMS 0x0000000088700000, 0x0000000088700000| Complete 
|  96|0x0000000088800000, 0x0000000088900000, 0x0000000088900000|100%| E|CS|TAMS 0x0000000088800000, 0x0000000088800000| Complete 
|  97|0x0000000088900000, 0x0000000088a00000, 0x0000000088a00000|100%| E|CS|TAMS 0x0000000088900000, 0x0000000088900000| Complete 
|  98|0x0000000088a00000, 0x0000000088b00000, 0x0000000088b00000|100%| E|CS|TAMS 0x0000000088a00000, 0x0000000088a00000| Complete 
|  99|0x0000000088b00000, 0x0000000088c00000, 0x0000000088c00000|100%| S|CS|TAMS 0x0000000088b00000, 0x0000000088b00000| Complete 
| 100|0x0000000088c00000, 0x0000000088d00000, 0x0000000088d00000|100%| S|CS|TAMS 0x0000000088c00000, 0x0000000088c00000| Complete 
| 101|0x0000000088d00000, 0x0000000088e00000, 0x0000000088e00000|100%| S|CS|TAMS 0x0000000088d00000, 0x0000000088d00000| Complete 
| 102|0x0000000088e00000, 0x0000000088f00000, 0x0000000088f00000|100%| E|CS|TAMS 0x0000000088e00000, 0x0000000088e00000| Complete 
| 103|0x0000000088f00000, 0x0000000089000000, 0x0000000089000000|100%| E|CS|TAMS 0x0000000088f00000, 0x0000000088f00000| Complete 
| 104|0x0000000089000000, 0x0000000089100000, 0x0000000089100000|100%| E|CS|TAMS 0x0000000089000000, 0x0000000089000000| Complete 
| 105|0x0000000089100000, 0x0000000089200000, 0x0000000089200000|100%| E|CS|TAMS 0x0000000089100000, 0x0000000089100000| Complete 
| 106|0x0000000089200000, 0x0000000089300000, 0x0000000089300000|100%| E|CS|TAMS 0x0000000089200000, 0x0000000089200000| Complete 
| 107|0x0000000089300000, 0x0000000089400000, 0x0000000089400000|100%| E|CS|TAMS 0x0000000089300000, 0x0000000089300000| Complete 
| 108|0x0000000089400000, 0x0000000089500000, 0x0000000089500000|100%| E|CS|TAMS 0x0000000089400000, 0x0000000089400000| Complete 
| 109|0x0000000089500000, 0x0000000089600000, 0x0000000089600000|100%| E|CS|TAMS 0x0000000089500000, 0x0000000089500000| Complete 
| 110|0x0000000089600000, 0x0000000089700000, 0x0000000089700000|100%| E|CS|TAMS 0x0000000089600000, 0x0000000089600000| Complete 
| 111|0x0000000089700000, 0x0000000089800000, 0x0000000089800000|100%| E|CS|TAMS 0x0000000089700000, 0x0000000089700000| Complete 
| 112|0x0000000089800000, 0x0000000089900000, 0x0000000089900000|100%| E|CS|TAMS 0x0000000089800000, 0x0000000089800000| Complete 
| 113|0x0000000089900000, 0x0000000089a00000, 0x0000000089a00000|100%| E|CS|TAMS 0x0000000089900000, 0x0000000089900000| Complete 
| 114|0x0000000089a00000, 0x0000000089b00000, 0x0000000089b00000|100%| E|CS|TAMS 0x0000000089a00000, 0x0000000089a00000| Complete 
| 115|0x0000000089b00000, 0x0000000089c00000, 0x0000000089c00000|100%| E|CS|TAMS 0x0000000089b00000, 0x0000000089b00000| Complete 
| 116|0x0000000089c00000, 0x0000000089d00000, 0x0000000089d00000|100%| E|CS|TAMS 0x0000000089c00000, 0x0000000089c00000| Complete 
| 117|0x0000000089d00000, 0x0000000089e00000, 0x0000000089e00000|100%| E|CS|TAMS 0x0000000089d00000, 0x0000000089d00000| Complete 
| 118|0x0000000089e00000, 0x0000000089f00000, 0x0000000089f00000|100%| E|CS|TAMS 0x0000000089e00000, 0x0000000089e00000| Complete 
| 119|0x0000000089f00000, 0x000000008a000000, 0x000000008a000000|100%| E|CS|TAMS 0x0000000089f00000, 0x0000000089f00000| Complete 
| 120|0x000000008a000000, 0x000000008a100000, 0x000000008a100000|100%| E|CS|TAMS 0x000000008a000000, 0x000000008a000000| Complete 
| 121|0x000000008a100000, 0x000000008a200000, 0x000000008a200000|100%| E|CS|TAMS 0x000000008a100000, 0x000000008a100000| Complete 
| 122|0x000000008a200000, 0x000000008a300000, 0x000000008a300000|100%| E|CS|TAMS 0x000000008a200000, 0x000000008a200000| Complete 
| 123|0x000000008a300000, 0x000000008a400000, 0x000000008a400000|100%| E|CS|TAMS 0x000000008a300000, 0x000000008a300000| Complete 
| 124|0x000000008a400000, 0x000000008a500000, 0x000000008a500000|100%| E|CS|TAMS 0x000000008a400000, 0x000000008a400000| Complete 
| 125|0x000000008a500000, 0x000000008a600000, 0x000000008a600000|100%| E|CS|TAMS 0x000000008a500000, 0x000000008a500000| Complete 

Card table byte_map: [0x000002b37a280000,0x000002b37a670000] _byte_map_base: 0x000002b379e6c000

Marking Bits (Prev, Next): (CMBitMap*) 0x000002b3716a3388, (CMBitMap*) 0x000002b3716a33c8
 Prev Bits: [0x000002b37aa60000, 0x000002b37c9c0000)
 Next Bits: [0x000002b37c9c0000, 0x000002b37e920000)

Polling page: 0x000002b370e30000

Metaspace:

Usage:
  Non-class:     13.36 MB capacity,    12.99 MB ( 97%) used,   325.65 KB (  2%) free+waste,    56.38 KB ( <1%) overhead. 
      Class:      1.94 MB capacity,     1.74 MB ( 90%) used,   172.06 KB (  9%) free+waste,    27.56 KB (  1%) overhead. 
       Both:     15.30 MB capacity,    14.73 MB ( 96%) used,   497.71 KB (  3%) free+waste,    83.94 KB ( <1%) overhead. 

Virtual space:
  Non-class space:       14.00 MB reserved,      13.50 MB ( 96%) committed 
      Class space:        1.00 GB reserved,       2.00 MB ( <1%) committed 
             Both:        1.01 GB reserved,      15.50 MB (  1%) committed 

Chunk freelists:
   Non-Class:  14.00 KB
       Class:  1.00 KB
        Both:  15.00 KB

MaxMetaspaceSize: 17179869184.00 GB
CompressedClassSpaceSize: 1.00 GB

CodeHeap 'non-profiled nmethods': size=120000Kb used=782Kb max_used=782Kb free=119217Kb
 bounds [0x000002b307ad0000, 0x000002b307d40000, 0x000002b30f000000]
CodeHeap 'profiled nmethods': size=120000Kb used=4717Kb max_used=4717Kb free=115282Kb
 bounds [0x000002b3005a0000, 0x000002b300a40000, 0x000002b307ad0000]
CodeHeap 'non-nmethods': size=5760Kb used=1324Kb max_used=1341Kb free=4435Kb
 bounds [0x000002b300000000, 0x000002b300270000, 0x000002b3005a0000]
 total_blobs=3543 nmethods=2277 adapters=416
 compilation: enabled
              stopped_count=0, restarted_count=0
 full_count=0

Compilation events (20 events):
Event: 37.715 Thread 0x000002b311015000 2268       3       java.util.concurrent.locks.ReentrantLock::unlock (10 bytes)
Event: 37.715 Thread 0x000002b311015000 nmethod 2268 0x000002b300a36d90 code [0x000002b300a36f60, 0x000002b300a37320]
Event: 37.715 Thread 0x000002b311015000 2269       3       java.util.concurrent.locks.ReentrantLock$Sync::tryRelease (45 bytes)
Event: 37.716 Thread 0x000002b311015000 nmethod 2269 0x000002b300a37490 code [0x000002b300a37660, 0x000002b300a379f0]
Event: 40.721 Thread 0x000002b311015000 2270       3       com.google.common.collect.ImmutableList::asImmutableList (7 bytes)
Event: 40.721 Thread 0x000002b311015000 nmethod 2270 0x000002b300a37b10 code [0x000002b300a37cc0, 0x000002b300a37e50]
Event: 40.736 Thread 0x000002b311015000 2271       3       java.util.stream.StreamSupport::stream (19 bytes)
Event: 40.737 Thread 0x000002b311015000 nmethod 2271 0x000002b300a37f10 code [0x000002b300a38100, 0x000002b300a385b0]
Event: 40.737 Thread 0x000002b311015000 2272       3       java.util.stream.ReferencePipeline$Head::<init> (8 bytes)
Event: 40.737 Thread 0x000002b311015000 nmethod 2272 0x000002b300a38790 code [0x000002b300a38940, 0x000002b300a38b90]
Event: 40.737 Thread 0x000002b311015000 2273       3       java.util.stream.ReferencePipeline::<init> (8 bytes)
Event: 40.737 Thread 0x000002b311015000 nmethod 2273 0x000002b300a38c90 code [0x000002b300a38e40, 0x000002b300a39010]
Event: 40.737 Thread 0x000002b311015000 2274       3       java.util.ArrayList::clear (43 bytes)
Event: 40.737 Thread 0x000002b311015000 nmethod 2274 0x000002b300a39110 code [0x000002b300a392e0, 0x000002b300a396f8]
Event: 40.739 Thread 0x000002b311015000 2275       3       sun.nio.ch.NioSocketImpl::ensureOpenAndConnected (36 bytes)
Event: 40.739 Thread 0x000002b311015000 nmethod 2275 0x000002b300a39810 code [0x000002b300a39a00, 0x000002b300a39de0]
Event: 40.809 Thread 0x000002b311015000 2276       3       java.lang.StringLatin1::compareToCI (108 bytes)
Event: 40.810 Thread 0x000002b311015000 nmethod 2276 0x000002b300a39f10 code [0x000002b300a3a160, 0x000002b300a3aaa0]
Event: 540.827 Thread 0x000002b311015000 2277       3       java.lang.ref.ReferenceQueue::reallyPoll (65 bytes)
Event: 540.828 Thread 0x000002b311015000 nmethod 2277 0x000002b300a3af10 code [0x000002b300a3b0e0, 0x000002b300a3b678]

GC Heap History (2 events):
Event: 0.815 GC heap before
{Heap before GC invocations=0 (full 0):
 garbage-first heap   total 129024K, used 24576K [0x0000000082800000, 0x0000000100000000)
  region size 1024K, 24 young (24576K), 0 survivors (0K)
 Metaspace       used 9982K, capacity 10337K, committed 10496K, reserved 1058816K
  class space    used 1129K, capacity 1252K, committed 1280K, reserved 1048576K
}
Event: 0.820 GC heap after
{Heap after GC invocations=1 (full 0):
 garbage-first heap   total 129024K, used 5009K [0x0000000082800000, 0x0000000100000000)
  region size 1024K, 3 young (3072K), 3 survivors (3072K)
 Metaspace       used 9982K, capacity 10337K, committed 10496K, reserved 1058816K
  class space    used 1129K, capacity 1252K, committed 1280K, reserved 1048576K
}

Deoptimization events (20 events):
Event: 40.737 Thread 0x000002b371662000 DEOPT PACKING pc=0x000002b30094ad1c sp=0x000000bfacbfcc80
Event: 40.737 Thread 0x000002b371662000 DEOPT UNPACKING pc=0x000002b30004964e sp=0x000000bfacbfc1f0 mode 1
Event: 40.737 Thread 0x000002b371662000 DEOPT PACKING pc=0x000002b300993674 sp=0x000000bfacbfccf0
Event: 40.737 Thread 0x000002b371662000 DEOPT UNPACKING pc=0x000002b30004964e sp=0x000000bfacbfc240 mode 1
Event: 40.737 Thread 0x000002b371662000 DEOPT PACKING pc=0x000002b30094ad1c sp=0x000000bfacbfce00
Event: 40.737 Thread 0x000002b371662000 DEOPT UNPACKING pc=0x000002b30004964e sp=0x000000bfacbfc370 mode 1
Event: 40.737 Thread 0x000002b371662000 DEOPT PACKING pc=0x000002b300993674 sp=0x000000bfacbfcc70
Event: 40.737 Thread 0x000002b371662000 DEOPT UNPACKING pc=0x000002b30004964e sp=0x000000bfacbfc1c0 mode 1
Event: 40.737 Thread 0x000002b371662000 DEOPT PACKING pc=0x000002b30094ad1c sp=0x000000bfacbfcd80
Event: 40.737 Thread 0x000002b371662000 DEOPT UNPACKING pc=0x000002b30004964e sp=0x000000bfacbfc2f0 mode 1
Event: 40.737 Thread 0x000002b371662000 DEOPT PACKING pc=0x000002b300993674 sp=0x000000bfacbfcbf0
Event: 40.737 Thread 0x000002b371662000 DEOPT UNPACKING pc=0x000002b30004964e sp=0x000000bfacbfc140 mode 1
Event: 40.737 Thread 0x000002b371662000 DEOPT PACKING pc=0x000002b30094ad1c sp=0x000000bfacbfcd00
Event: 40.737 Thread 0x000002b371662000 DEOPT UNPACKING pc=0x000002b30004964e sp=0x000000bfacbfc270 mode 1
Event: 40.737 Thread 0x000002b371662000 DEOPT PACKING pc=0x000002b300993674 sp=0x000000bfacbfcb70
Event: 40.737 Thread 0x000002b371662000 DEOPT UNPACKING pc=0x000002b30004964e sp=0x000000bfacbfc0c0 mode 1
Event: 40.737 Thread 0x000002b371662000 DEOPT PACKING pc=0x000002b30094ad1c sp=0x000000bfacbfcc80
Event: 40.737 Thread 0x000002b371662000 DEOPT UNPACKING pc=0x000002b30004964e sp=0x000000bfacbfc1f0 mode 1
Event: 40.738 Thread 0x000002b371662000 DEOPT PACKING pc=0x000002b3009f7fa4 sp=0x000000bfacbfc0b0
Event: 40.738 Thread 0x000002b371662000 DEOPT UNPACKING pc=0x000002b30004964e sp=0x000000bfacbfb5c0 mode 1

Classes unloaded (0 events):
No events

Classes redefined (6 events):
Event: 442.438 Thread 0x000002b37f38c000 redefined class name=Testcases.events_test, count=1
Event: 711.694 Thread 0x000002b37f38c000 redefined class name=Testcases.events_test, count=2
Event: 743.627 Thread 0x000002b37f38c000 redefined class name=Testcases.events_test, count=3
Event: 751.894 Thread 0x000002b37f38c000 redefined class name=Testcases.events_test, count=4
Event: 759.121 Thread 0x000002b37f38c000 redefined class name=Testcases.events_test, count=5
Event: 788.180 Thread 0x000002b37f38c000 redefined class name=Testcases.events_test, count=6

Internal exceptions (20 events):
Event: 0.808 Thread 0x000002b371662000 Exception <a 'java/lang/NoSuchMethodError'{0x0000000088eb4c98}: 'int java.lang.invoke.DirectMethodHandle$Holder.invokeStaticInit(java.lang.Object, java.lang.Object, java.lang.Object, java.lang.Object)'> (0x0000000088eb4c98) 
thrown [t:/workspace/open/src/hotspot/share/interpreter/linkResolver.cpp, line 767]
Event: 0.809 Thread 0x000002b371662000 Exception <a 'java/lang/IncompatibleClassChangeError'{0x0000000088ebd930}: Found class java.lang.Object, but interface was expected> (0x0000000088ebd930) 
thrown [t:/workspace/open/src/hotspot/share/interpreter/linkResolver.cpp, line 833]
Event: 0.809 Thread 0x000002b371662000 Exception <a 'java/lang/NoSuchMethodError'{0x0000000088ec0a78}: 'void java.lang.invoke.DirectMethodHandle$Holder.invokeStaticInit(java.lang.Object, java.lang.Object)'> (0x0000000088ec0a78) 
thrown [t:/workspace/open/src/hotspot/share/interpreter/linkResolver.cpp, line 767]
Event: 0.888 Thread 0x000002b311a5a000 Exception <a 'java/lang/NoSuchMethodError'{0x000000008a28fa28}: 'void java.lang.invoke.DirectMethodHandle$Holder.invokeStatic(java.lang.Object, long)'> (0x000000008a28fa28) 
thrown [t:/workspace/open/src/hotspot/share/interpreter/linkResolver.cpp, line 767]
Event: 0.892 Thread 0x000002b311a5a000 Exception <a 'java/lang/NoSuchMethodError'{0x000000008a299b78}: 'java.lang.Object java.lang.invoke.DirectMethodHandle$Holder.invokeStaticInit(java.lang.Object, java.lang.Object, long, java.lang.Object)'> (0x000000008a299b78) 
thrown [t:/workspace/open/src/hotspot/share/interpreter/linkResolver.cpp, line 767]
Event: 0.893 Thread 0x000002b311a5a000 Exception <a 'java/lang/NoSuchMethodError'{0x000000008a29efd0}: 'java.lang.Object java.lang.invoke.Invokers$Holder.linkToTargetMethod(java.lang.Object, long, java.lang.Object)'> (0x000000008a29efd0) 
thrown [t:/workspace/open/src/hotspot/share/interpreter/linkResolver.cpp, line 767]
Event: 1.381 Thread 0x000002b311a40800 Exception <a 'java/net/SocketException'{0x000000008a1071a8}: Socket is not connected: shutdown> (0x000000008a1071a8) 
thrown [t:/workspace/open/src/hotspot/share/prims/jni.cpp, line 619]
Event: 1.407 Thread 0x000002b371662000 Exception <a 'java/lang/NoSuchMethodError'{0x000000008a020f40}: 'java.lang.Object java.lang.invoke.DirectMethodHandle$Holder.invokeInterface(java.lang.Object, java.lang.Object, java.lang.Object)'> (0x000000008a020f40) 
thrown [t:/workspace/open/src/hotspot/share/interpreter/linkResolver.cpp, line 767]
Event: 1.407 Thread 0x000002b371662000 Exception <a 'java/lang/IncompatibleClassChangeError'{0x000000008a023fb0}: Found class java.lang.Object, but interface was expected> (0x000000008a023fb0) 
thrown [t:/workspace/open/src/hotspot/share/interpreter/linkResolver.cpp, line 833]
Event: 1.408 Thread 0x000002b371662000 Exception <a 'java/lang/NoSuchMethodError'{0x000000008a02be78}: 'int java.lang.invoke.DirectMethodHandle$Holder.invokeSpecialIFC(java.lang.Object, java.lang.Object, java.lang.Object, java.lang.Object)'> (0x000000008a02be78) 
thrown [t:/workspace/open/src/hotspot/share/interpreter/linkResolver.cpp, line 767]
Event: 1.409 Thread 0x000002b371662000 Exception <a 'java/lang/NoSuchMethodError'{0x000000008a0338a8}: 'java.lang.Object java.lang.invoke.DirectMethodHandle$Holder.invokeInterface(java.lang.Object, java.lang.Object, java.lang.Object, java.lang.Object)'> (0x000000008a0338a8) 
thrown [t:/workspace/open/src/hotspot/share/interpreter/linkResolver.cpp, line 767]
Event: 1.411 Thread 0x000002b371662000 Exception <a 'java/lang/NoSuchMethodError'{0x000000008a059828}: 'java.lang.Object java.lang.invoke.DirectMethodHandle$Holder.invokeVirtual(java.lang.Object, java.lang.Object, java.lang.Object)'> (0x000000008a059828) 
thrown [t:/workspace/open/src/hotspot/share/interpreter/linkResolver.cpp, line 767]
Event: 1.424 Thread 0x000002b371662000 Exception <a 'java/lang/NoSuchMethodError'{0x0000000089f23278}: 'double java.lang.invoke.DirectMethodHandle$Holder.invokeVirtual(java.lang.Object, java.lang.Object)'> (0x0000000089f23278) 
thrown [t:/workspace/open/src/hotspot/share/interpreter/linkResolver.cpp, line 767]
Event: 1.424 Thread 0x000002b371662000 Exception <a 'java/lang/NoSuchMethodError'{0x0000000089f28b10}: 'float java.lang.invoke.DirectMethodHandle$Holder.invokeVirtual(java.lang.Object, java.lang.Object)'> (0x0000000089f28b10) 
thrown [t:/workspace/open/src/hotspot/share/interpreter/linkResolver.cpp, line 767]
Event: 1.425 Thread 0x000002b371662000 Exception <a 'java/lang/NoSuchMethodError'{0x0000000089f304d8}: 'long java.lang.invoke.DirectMethodHandle$Holder.invokeVirtual(java.lang.Object, java.lang.Object)'> (0x0000000089f304d8) 
thrown [t:/workspace/open/src/hotspot/share/interpreter/linkResolver.cpp, line 767]
Event: 1.436 Thread 0x000002b371662000 Exception <a 'java/lang/NoSuchMethodError'{0x0000000089e43348}: 'void java.lang.invoke.DirectMethodHandle$Holder.invokeSpecial(java.lang.Object, java.lang.Object, java.lang.Object, java.lang.Object)'> (0x0000000089e43348) 
thrown [t:/workspace/open/src/hotspot/share/interpreter/linkResolver.cpp, line 767]
Event: 1.446 Thread 0x000002b371662000 Exception <a 'java/lang/NoSuchMethodError'{0x0000000089ef1c90}: 'void java.lang.invoke.DirectMethodHandle$Holder.invokeSpecial(java.lang.Object, java.lang.Object, java.lang.Object, java.lang.Object, java.lang.Object)'> (0x0000000089ef1c90) 
thrown [t:/workspace/open/src/hotspot/share/interpreter/linkResolver.cpp, line 767]
Event: 3.054 Thread 0x000002b371662000 Exception <a 'java/lang/NoSuchMethodError'{0x0000000089637d80}: 'java.lang.Object java.lang.invoke.DirectMethodHandle$Holder.invokeSpecialIFC(java.lang.Object, java.lang.Object, java.lang.Object)'> (0x0000000089637d80) 
thrown [t:/workspace/open/src/hotspot/share/interpreter/linkResolver.cpp, line 767]
Event: 3.064 Thread 0x000002b371662000 Exception <a 'java/lang/NoSuchMethodError'{0x00000000896bb830}: 'java.lang.Object java.lang.invoke.DirectMethodHandle$Holder.invokeStatic(java.lang.Object, int, java.lang.Object)'> (0x00000000896bb830) 
thrown [t:/workspace/open/src/hotspot/share/interpreter/linkResolver.cpp, line 767]
Event: 3.068 Thread 0x000002b371662000 Exception <a 'java/lang/ClassNotFoundException'{0x00000000896e6940}: sun/util/logging/resources/spi/loggingProvider> (0x00000000896e6940) 
thrown [t:/workspace/open/src/hotspot/share/classfile/systemDictionary.cpp, line 232]

Events (20 events):
Event: 759.142 Executing VM operation: ChangeBreakpoints done
Event: 759.142 Executing VM operation: ChangeBreakpoints
Event: 759.143 Executing VM operation: ChangeBreakpoints done
Event: 759.148 Executing VM operation: ChangeBreakpoints
Event: 759.149 Executing VM operation: ChangeBreakpoints done
Event: 759.154 Executing VM operation: ChangeBreakpoints
Event: 759.155 Executing VM operation: ChangeBreakpoints done
Event: 759.159 Executing VM operation: ChangeBreakpoints
Event: 759.160 Executing VM operation: ChangeBreakpoints done
Event: 759.161 Executing VM operation: GetFrameCount
Event: 759.161 Executing VM operation: GetFrameCount done
Event: 759.161 Executing VM operation: GetStackTrace
Event: 759.161 Executing VM operation: GetStackTrace done
Event: 759.175 Executing VM operation: GetFrameCount
Event: 759.175 Executing VM operation: GetFrameCount done
Event: 759.175 Executing VM operation: GetOwnedMonitorInfo
Event: 759.175 Executing VM operation: GetOwnedMonitorInfo done
Event: 759.175 Executing VM operation: GetCurrentContendedMonitor
Event: 759.175 Executing VM operation: GetCurrentContendedMonitor done
Event: 788.177 Executing VM operation: RedefineClasses


Dynamic libraries:
0x00007ff7e27d0000 - 0x00007ff7e27df000 	C:\Program Files\Java\jdk-13\bin\javaw.exe
0x00007ffb1b3f0000 - 0x00007ffb1b5dd000 	C:\WINDOWS\SYSTEM32\ntdll.dll
0x00007ffb193c0000 - 0x00007ffb19473000 	C:\WINDOWS\System32\KERNEL32.DLL
0x00007ffb17500000 - 0x00007ffb17793000 	C:\WINDOWS\System32\KERNELBASE.dll
0x00007ffb18300000 - 0x00007ffb183fa000 	C:\WINDOWS\System32\ucrtbase.dll
0x00007ffb08e90000 - 0x00007ffb08ea8000 	C:\Program Files\Java\jdk-13\bin\jli.dll
0x00007ffb07b80000 - 0x00007ffb07b95000 	C:\Program Files\Java\jdk-13\bin\VCRUNTIME140.dll
0x00007ffb190b0000 - 0x00007ffb19153000 	C:\WINDOWS\System32\ADVAPI32.dll
0x00007ffb19480000 - 0x00007ffb1951e000 	C:\WINDOWS\System32\msvcrt.dll
0x00007ffb1af60000 - 0x00007ffb1affe000 	C:\WINDOWS\System32\sechost.dll
0x00007ffb18630000 - 0x00007ffb18752000 	C:\WINDOWS\System32\RPCRT4.dll
0x00007ffb1b220000 - 0x00007ffb1b3b7000 	C:\WINDOWS\System32\USER32.dll
0x00007ffb06b20000 - 0x00007ffb06d99000 	C:\WINDOWS\WinSxS\amd64_microsoft.windows.common-controls_6595b64144ccf1df_6.0.17763.802_none_05b1445c0722d2cc\COMCTL32.dll
0x00007ffb17f90000 - 0x00007ffb17fb0000 	C:\WINDOWS\System32\win32u.dll
0x00007ffb18a40000 - 0x00007ffb18a69000 	C:\WINDOWS\System32\GDI32.dll
0x00007ffb1abc0000 - 0x00007ffb1aeec000 	C:\WINDOWS\System32\combase.dll
0x00007ffb17fb0000 - 0x00007ffb18149000 	C:\WINDOWS\System32\gdi32full.dll
0x00007ffb18260000 - 0x00007ffb182de000 	C:\WINDOWS\System32\bcryptPrimitives.dll
0x00007ffb177a0000 - 0x00007ffb17840000 	C:\WINDOWS\System32\msvcp_win.dll
0x00007ffb095f0000 - 0x00007ffb095fa000 	C:\WINDOWS\SYSTEM32\VERSION.dll
0x00007ffb19310000 - 0x00007ffb1933e000 	C:\WINDOWS\System32\IMM32.DLL
0x00007ffaea900000 - 0x00007ffaea99b000 	C:\Program Files\Java\jdk-13\bin\msvcp140.dll
0x00007ffac62d0000 - 0x00007ffac6e36000 	C:\Program Files\Java\jdk-13\bin\server\jvm.dll
0x00007ffb1aef0000 - 0x00007ffb1aef8000 	C:\WINDOWS\System32\PSAPI.DLL
0x00007ffb01c20000 - 0x00007ffb01c29000 	C:\WINDOWS\SYSTEM32\WSOCK32.dll
0x00007ffb110f0000 - 0x00007ffb11114000 	C:\WINDOWS\SYSTEM32\WINMM.dll
0x00007ffb1ab50000 - 0x00007ffb1abbd000 	C:\WINDOWS\System32\WS2_32.dll
0x00007ffb11080000 - 0x00007ffb110ad000 	C:\WINDOWS\SYSTEM32\WINMMBASE.dll
0x00007ffb174b0000 - 0x00007ffb174fa000 	C:\WINDOWS\System32\cfgmgr32.dll
0x00007ffb17400000 - 0x00007ffb17411000 	C:\WINDOWS\System32\kernel.appcore.dll
0x00007ffb065f0000 - 0x00007ffb06600000 	C:\Program Files\Java\jdk-13\bin\verify.dll
0x00007ffb14fa0000 - 0x00007ffb1518d000 	C:\WINDOWS\SYSTEM32\DBGHELP.DLL
0x00007ffb09960000 - 0x00007ffb0998a000 	C:\WINDOWS\SYSTEM32\dbgcore.DLL
0x00007ffafdd90000 - 0x00007ffafddb6000 	C:\Program Files\Java\jdk-13\bin\java.dll
0x00007ffafda50000 - 0x00007ffafda88000 	C:\Program Files\Java\jdk-13\bin\jdwp.dll
0x00007ffafdd70000 - 0x00007ffafdd87000 	C:\Program Files\Java\jdk-13\bin\zip.dll
0x00007ffb065b0000 - 0x00007ffb065ba000 	C:\Program Files\Java\jdk-13\bin\jimage.dll
0x00007ffb19650000 - 0x00007ffb1ab44000 	C:\WINDOWS\System32\SHELL32.dll
0x00007ffb18f50000 - 0x00007ffb18ff8000 	C:\WINDOWS\System32\shcore.dll
0x00007ffb17840000 - 0x00007ffb17f8d000 	C:\WINDOWS\System32\windows.storage.dll
0x00007ffb17420000 - 0x00007ffb17444000 	C:\WINDOWS\System32\profapi.dll
0x00007ffb17450000 - 0x00007ffb174ad000 	C:\WINDOWS\System32\powrprof.dll
0x00007ffb1b0d0000 - 0x00007ffb1b122000 	C:\WINDOWS\System32\shlwapi.dll
0x00007ffb182e0000 - 0x00007ffb182f7000 	C:\WINDOWS\System32\cryptsp.dll
0x00007ffb05f60000 - 0x00007ffb05f6b000 	C:\Program Files\Java\jdk-13\bin\dt_socket.dll
0x00007ffb16c50000 - 0x00007ffb16cb7000 	C:\WINDOWS\system32\mswsock.dll
0x00007ffb169b0000 - 0x00007ffb16a76000 	C:\WINDOWS\SYSTEM32\DNSAPI.dll
0x00007ffb1b210000 - 0x00007ffb1b218000 	C:\WINDOWS\System32\NSI.dll
0x00007ffb16970000 - 0x00007ffb169ad000 	C:\WINDOWS\SYSTEM32\IPHLPAPI.DLL
0x00007ffb087b0000 - 0x00007ffb087ba000 	C:\Windows\System32\rasadhlp.dll
0x00007ffb07450000 - 0x00007ffb074c9000 	C:\WINDOWS\System32\fwpuclnt.dll
0x00007ffb185e0000 - 0x00007ffb18606000 	C:\WINDOWS\System32\bcrypt.dll
0x00007ffafdd50000 - 0x00007ffafdd69000 	C:\Program Files\Java\jdk-13\bin\net.dll
0x00007ffb15480000 - 0x00007ffb15572000 	C:\WINDOWS\SYSTEM32\WINHTTP.dll
0x00007ffaffda0000 - 0x00007ffafff77000 	C:\WINDOWS\SYSTEM32\urlmon.dll
0x00007ffb00470000 - 0x00007ffb00718000 	C:\WINDOWS\SYSTEM32\iertutil.dll
0x00007ffb16e20000 - 0x00007ffb16e2c000 	C:\WINDOWS\SYSTEM32\CRYPTBASE.DLL
0x00007ffafdd30000 - 0x00007ffafdd43000 	C:\Program Files\Java\jdk-13\bin\nio.dll
0x00007ffb167d0000 - 0x00007ffb16803000 	C:\WINDOWS\system32\rsaenh.dll
0x00007ffb172e0000 - 0x00007ffb17308000 	C:\WINDOWS\SYSTEM32\USERENV.dll
0x00007ffb0cef0000 - 0x00007ffb0cf06000 	C:\WINDOWS\SYSTEM32\dhcpcsvc6.DLL
0x00007ffb0e480000 - 0x00007ffb0e49c000 	C:\WINDOWS\SYSTEM32\dhcpcsvc.DLL
0x00007ffb12e50000 - 0x00007ffb12e5e000 	C:\Program Files\Java\jdk-13\bin\sunmscapi.dll
0x00007ffb18400000 - 0x00007ffb185db000 	C:\WINDOWS\System32\CRYPT32.dll
0x00007ffb173e0000 - 0x00007ffb173f2000 	C:\WINDOWS\System32\MSASN1.dll
0x00007ffb16f20000 - 0x00007ffb16f46000 	C:\WINDOWS\SYSTEM32\ncrypt.dll
0x00007ffb16ee0000 - 0x00007ffb16f1c000 	C:\WINDOWS\SYSTEM32\NTASN1.dll
0x00007ffb07b50000 - 0x00007ffb07b75000 	C:\Program Files\Java\jdk-13\bin\sunec.dll

dbghelp: loaded successfully - version: 4.0.5 - missing functions: none
symbol engine: initialized successfully - sym options: 0x614 - pdb path: .;C:\Program Files\Java\jdk-13\bin;C:\WINDOWS\SYSTEM32;C:\WINDOWS\WinSxS\amd64_microsoft.windows.common-controls_6595b64144ccf1df_6.0.17763.802_none_05b1445c0722d2cc;C:\Program Files\Java\jdk-13\bin\server

VM Arguments:
jvm_args: -agentlib:jdwp=transport=dt_socket,suspend=y,address=localhost:52836 -ea -Dfile.encoding=Cp1252 
java_command: org.testng.remote.RemoteTestNG -serport 52835 -protocol json -d C:\Users\Hamza Farooq\eclipse-workspace\ticketlake\test-output C:\Users\Hamza Farooq\eclipse-workspace\ticketlake\testng.xml
java_class_path (initial): C:\Users\Hamza Farooq\eclipse\java-2019-09\eclipse\configuration\org.eclipse.osgi\488\0\.cp\lib\testng-remote.jar;C:\Users\Hamza Farooq\eclipse-workspace\ticketlake\bin;C:\Users\Hamza Farooq\.p2\pool\plugins\org.testng_7.0.0.r201908191551.jar;C:\Users\Hamza Farooq\.p2\pool\plugins\com.beust.jcommander_1.72.0.jar;C:\Users\Hamza Farooq\.p2\pool\plugins\org.apache-extras.beanshell.bsh_2.0.0.b6.jar;C:\Users\Hamza Farooq\.p2\pool\plugins\org.yaml.snakeyaml_1.21.0.jar;C:\Users\Hamza Farooq\Downloads\selenium-server-standalone-3.141.59.jar
Launcher Type: SUN_STANDARD

[Global flags]
     intx CICompilerCount                          = 4                                         {product} {ergonomic}
     uint ConcGCThreads                            = 2                                         {product} {ergonomic}
     uint G1ConcRefinementThreads                  = 8                                         {product} {ergonomic}
   size_t G1HeapRegionSize                         = 1048576                                   {product} {ergonomic}
    uintx GCDrainStackTargetSize                   = 64                                        {product} {ergonomic}
   size_t InitialHeapSize                          = 132120576                                 {product} {ergonomic}
   size_t MarkStackSize                            = 4194304                                   {product} {ergonomic}
   size_t MaxHeapSize                              = 2105540608                                {product} {ergonomic}
   size_t MaxNewSize                               = 1262485504                                {product} {ergonomic}
   size_t MinHeapDeltaBytes                        = 1048576                                   {product} {ergonomic}
   size_t MinHeapSize                              = 8388608                                   {product} {ergonomic}
    uintx NonNMethodCodeHeapSize                   = 5836300                                {pd product} {ergonomic}
    uintx NonProfiledCodeHeapSize                  = 122910970                              {pd product} {ergonomic}
    uintx ProfiledCodeHeapSize                     = 122910970                              {pd product} {ergonomic}
    uintx ReservedCodeCacheSize                    = 251658240                              {pd product} {ergonomic}
     bool SegmentedCodeCache                       = true                                      {product} {ergonomic}
   size_t SoftMaxHeapSize                          = 2105540608                             {manageable} {ergonomic}
     bool UseCompressedClassPointers               = true                                 {lp64_product} {ergonomic}
     bool UseCompressedOops                        = true                                 {lp64_product} {ergonomic}
     bool UseG1GC                                  = true                                      {product} {ergonomic}
     bool UseLargePagesIndividualAllocation        = false                                  {pd product} {ergonomic}

Logging:
Log output configuration:
 #0: stdout all=warning uptime,level,tags
 #1: stderr all=off uptime,level,tags

Environment Variables:
JAVA_HOME=C:\Program Files\Java\jdk-13
PATH=C:/Program Files/Java/jdk-13/bin/server;C:/Program Files/Java/jdk-13/bin;C:\Program Files (x86)\Intel\Intel(R) Management Engine Components\iCLS\;C:\Program Files\Intel\Intel(R) Management Engine Components\iCLS\;C:\WINDOWS\system32;C:\WINDOWS;C:\WINDOWS\System32\Wbem;C:\WINDOWS\System32\WindowsPowerShell\v1.0\;C:\WINDOWS\System32\OpenSSH\;C:\Program Files (x86)\Intel\Intel(R) Management Engine Components\DAL;C:\Program Files\Intel\Intel(R) Management Engine Components\DAL;C:\Program Files\Intel\WiFi\bin\;C:\Program Files\Common Files\Intel\WirelessCommon\;C:\Program Files\Java\jdk-13\bin;C:\Users\Hamza Farooq\AppData\Local\Microsoft\WindowsApps;;C:\WINDOWS\system32;
USERNAME=Hamza Farooq
OS=Windows_NT
PROCESSOR_IDENTIFIER=Intel64 Family 6 Model 142 Stepping 10, GenuineIntel



---------------  S Y S T E M  ---------------

OS: Windows 10 , 64 bit Build 17763 (10.0.17763.475)

CPU:total 8 (initial active 8) (4 cores per cpu, 2 threads per core) family 6 model 142 stepping 10, cmov, cx8, fxsr, mmx, sse, sse2, sse3, ssse3, sse4.1, sse4.2, popcnt, avx, avx2, aes, clmul, erms, rtm, 3dnowpref, lzcnt, ht, tsc, tscinvbit, bmi1, bmi2, adx, fma

Memory: 4k page, system-wide physical 8026M (2790M free)
TotalPageFile size 9946M (AvailPageFile size 2472M)
current process WorkingSet (physical memory assigned to process): 96M, peak: 97M
current process commit charge ("private bytes"): 234M, peak: 237M

vm_info: Java HotSpot(TM) 64-Bit Server VM (13+33) for windows-amd64 JRE (13+33), built on Sep 18 2019 21:38:00 by "mach5one" with unknown MS VC++:1916

END.
